<?xml version="1.0" encoding="UTF-8"?>
<!-- Generated by org.testng.reporters.JUnitReportReporter -->
<testsuite hostname="LAPTOP-O4JARK17" failures="0" tests="2" name="demoPackage.MainClass" time="9.247" errors="0" timestamp="1 Jun 2021 18:37:30 GMT">
  <testcase classname="demoPackage.MainClass" name="testPM" time="6.074"/>
  <testcase classname="demoPackage.MainClass" name="testTitle" time="3.173"/>
</testsuite> <!-- demoPackage.MainClass -->
