<?xml version="1.0" encoding="UTF-8"?>
<!-- Generated by org.testng.reporters.JUnitReportReporter -->
<testsuite hostname="LAPTOP-O4JARK17" failures="0" tests="3" name="demoPackage.TestMultipleSession" time="35.823" errors="0" timestamp="6 Jun 2021 12:54:30 GMT">
  <testcase classname="demoPackage.TestMultipleSession" name="executeSessionTwo" time="12.922"/>
  <testcase classname="demoPackage.TestMultipleSession" name="executSessionOne" time="12.847"/>
  <testcase classname="demoPackage.TestMultipleSession" name="executSessionThree" time="10.054"/>
</testsuite> <!-- demoPackage.TestMultipleSession -->
