<?xml version="1.0" encoding="UTF-8"?>
<!-- Generated by org.testng.reporters.JUnitReportReporter -->
<testsuite hostname="LAPTOP-O4JARK17" failures="0" tests="1" name="demoPackage.SeleniumDemo" time="9.139" errors="0" timestamp="6 Jun 2021 13:29:08 GMT">
  <testcase classname="demoPackage.SeleniumDemo" name="testTitle" time="9.139"/>
</testsuite> <!-- demoPackage.SeleniumDemo -->
